# JRE version: Java(TM) SE Runtime Environment (8.0_101-b13) (build 1.8.0_101-b13)
# Java VM: Java HotSpot(TM) 64-Bit Server VM (25.101-b13 mixed mode windows-amd64 compressed oops)
Heap:
 PSYoungGen      total 76288K, used 33969K [0x000000076b200000, 0x0000000770700000, 0x00000007c0000000)
  eden space 65536K, 51% used [0x000000076b200000,0x000000076d32c490,0x000000076f200000)
  from space 10752K, 0% used [0x000000076fc80000,0x000000076fc80000,0x0000000770700000)
  to   space 10752K, 0% used [0x000000076f200000,0x000000076f200000,0x000000076fc80000)
 ParOldGen       total 164352K, used 47225K [0x00000006c1600000, 0x00000006cb680000, 0x000000076b200000)
  object space 164352K, 28% used [0x00000006c1600000,0x00000006c441e6f8,0x00000006cb680000)
 Metaspace       used 12974K, capacity 13138K, committed 13440K, reserved 1060864K
  class space    used 1506K, capacity 1579K, committed 1664K, reserved 1048576K
GC Heap History (10 events):
Event: 12.209 GC heap before
{Heap before GC invocations=1 (full 0):
 PSYoungGen      total 76288K, used 64840K [0x000000076b200000, 0x0000000770700000, 0x00000007c0000000)
  eden space 65536K, 98% used [0x000000076b200000,0x000000076f152288,0x000000076f200000)
  from space 10752K, 0% used [0x000000076fc80000,0x000000076fc80000,0x0000000770700000)
  to   space 10752K, 0% used [0x000000076f200000,0x000000076f200000,0x000000076fc80000)
 ParOldGen       total 175104K, used 0K [0x00000006c1600000, 0x00000006cc100000, 0x000000076b200000)
  object space 175104K, 0% used [0x00000006c1600000,0x00000006c1600000,0x00000006cc100000)
 Metaspace       used 12663K, capacity 12882K, committed 13184K, reserved 1060864K
  class space    used 1499K, capacity 1579K, committed 1664K, reserved 1048576K
Event: 12.222 GC heap after
Heap after GC invocations=1 (full 0):
 PSYoungGen      total 76288K, used 10745K [0x000000076b200000, 0x0000000770700000, 0x00000007c0000000)
  eden space 65536K, 0% used [0x000000076b200000,0x000000076b200000,0x000000076f200000)
  from space 10752K, 99% used [0x000000076f200000,0x000000076fc7e748,0x000000076fc80000)
  to   space 10752K, 0% used [0x000000076fc80000,0x000000076fc80000,0x0000000770700000)
 ParOldGen       total 175104K, used 41932K [0x00000006c1600000, 0x00000006cc100000, 0x000000076b200000)
  object space 175104K, 23% used [0x00000006c1600000,0x00000006c3ef3108,0x00000006cc100000)
 Metaspace       used 12663K, capacity 12882K, committed 13184K, reserved 1060864K
  class space    used 1499K, capacity 1579K, committed 1664K, reserved 1048576K
}
Event: 15.301 GC heap before
{Heap before GC invocations=2 (full 0):
 PSYoungGen      total 76288K, used 75216K [0x000000076b200000, 0x0000000770700000, 0x00000007c0000000)
  eden space 65536K, 98% used [0x000000076b200000,0x000000076f0f59d0,0x000000076f200000)
  from space 10752K, 99% used [0x000000076f200000,0x000000076fc7e748,0x000000076fc80000)
  to   space 10752K, 0% used [0x000000076fc80000,0x000000076fc80000,0x0000000770700000)
 ParOldGen       total 175104K, used 41932K [0x00000006c1600000, 0x00000006cc100000, 0x000000076b200000)
  object space 175104K, 23% used [0x00000006c1600000,0x00000006c3ef3108,0x00000006cc100000)
 Metaspace       used 12683K, capacity 12882K, committed 13184K, reserved 1060864K
  class space    used 1499K, capacity 1579K, committed 1664K, reserved 1048576K
Event: 15.317 GC heap after
Heap after GC invocations=2 (full 0):
 PSYoungGen      total 76288K, used 10733K [0x000000076b200000, 0x0000000770700000, 0x00000007c0000000)
  eden space 65536K, 0% used [0x000000076b200000,0x000000076b200000,0x000000076f200000)
  from space 10752K, 99% used [0x000000076fc80000,0x00000007706fb778,0x0000000770700000)
  to   space 10752K, 0% used [0x000000076f200000,0x000000076f200000,0x000000076fc80000)
 ParOldGen       total 175104K, used 73849K [0x00000006c1600000, 0x00000006cc100000, 0x000000076b200000)
  object space 175104K, 42% used [0x00000006c1600000,0x00000006c5e1e468,0x00000006cc100000)
 Metaspace       used 12683K, capacity 12882K, committed 13184K, reserved 1060864K
  class space    used 1499K, capacity 1579K, committed 1664K, reserved 1048576K
}
Event: 19.069 GC heap before
{Heap before GC invocations=3 (full 0):
 PSYoungGen      total 76288K, used 76095K [0x000000076b200000, 0x0000000770700000, 0x00000007c0000000)
  eden space 65536K, 99% used [0x000000076b200000,0x000000076f1d4618,0x000000076f200000)
  from space 10752K, 99% used [0x000000076fc80000,0x00000007706fb778,0x0000000770700000)
  to   space 10752K, 0% used [0x000000076f200000,0x000000076f200000,0x000000076fc80000)
 ParOldGen       total 175104K, used 73849K [0x00000006c1600000, 0x00000006cc100000, 0x000000076b200000)
  object space 175104K, 42% used [0x00000006c1600000,0x00000006c5e1e468,0x00000006cc100000)
 Metaspace       used 12744K, capacity 12946K, committed 13184K, reserved 1060864K
  class space    used 1499K, capacity 1579K, committed 1664K, reserved 1048576K
Event: 19.082 GC heap after
Heap after GC invocations=3 (full 0):
 PSYoungGen      total 76288K, used 10738K [0x000000076b200000, 0x0000000770700000, 0x00000007c0000000)
  eden space 65536K, 0% used [0x000000076b200000,0x000000076b200000,0x000000076f200000)
  from space 10752K, 99% used [0x000000076f200000,0x000000076fc7c9a0,0x000000076fc80000)
  to   space 10752K, 0% used [0x000000076fc80000,0x000000076fc80000,0x0000000770700000)
 ParOldGen       total 175104K, used 117000K [0x00000006c1600000, 0x00000006cc100000, 0x000000076b200000)
  object space 175104K, 66% used [0x00000006c1600000,0x00000006c88420f0,0x00000006cc100000)
 Metaspace       used 12744K, capacity 12946K, committed 13184K, reserved 1060864K
  class space    used 1499K, capacity 1579K, committed 1664K, reserved 1048576K
}
Event: 28.223 GC heap before
{Heap before GC invocations=4 (full 0):
 PSYoungGen      total 76288K, used 76274K [0x000000076b200000, 0x0000000770700000, 0x00000007c0000000)
  eden space 65536K, 100% used [0x000000076b200000,0x000000076f200000,0x000000076f200000)
  from space 10752K, 99% used [0x000000076f200000,0x000000076fc7c9a0,0x000000076fc80000)
  to   space 10752K, 0% used [0x000000076fc80000,0x000000076fc80000,0x0000000770700000)
 ParOldGen       total 175104K, used 117000K [0x00000006c1600000, 0x00000006cc100000, 0x000000076b200000)
  object space 175104K, 66% used [0x00000006c1600000,0x00000006c88420f0,0x00000006cc100000)
 Metaspace       used 12810K, capacity 13010K, committed 13184K, reserved 1060864K
  class space    used 1499K, capacity 1579K, committed 1664K, reserved 1048576K
Event: 28.248 GC heap after
Heap after GC invocations=4 (full 0):
 PSYoungGen      total 76288K, used 10744K [0x000000076b200000, 0x0000000770700000, 0x00000007c0000000)
  eden space 65536K, 0% used [0x000000076b200000,0x000000076b200000,0x000000076f200000)
  from space 10752K, 99% used [0x000000076fc80000,0x00000007706fe0d0,0x0000000770700000)
  to   space 10752K, 0% used [0x000000076f200000,0x000000076f200000,0x000000076fc80000)
 ParOldGen       total 175104K, used 162851K [0x00000006c1600000, 0x00000006cc100000, 0x000000076b200000)
  object space 175104K, 93% used [0x00000006c1600000,0x00000006cb508e10,0x00000006cc100000)
 Metaspace       used 12810K, capacity 13010K, committed 13184K, reserved 1060864K
  class space    used 1499K, capacity 1579K, committed 1664K, reserved 1048576K
}
Event: 28.248 GC heap before
{Heap before GC invocations=5 (full 1):
 PSYoungGen      total 76288K, used 10744K [0x000000076b200000, 0x0000000770700000, 0x00000007c0000000)
  eden space 65536K, 0% used [0x000000076b200000,0x000000076b200000,0x000000076f200000)
  from space 10752K, 99% used [0x000000076fc80000,0x00000007706fe0d0,0x0000000770700000)
  to   space 10752K, 0% used [0x000000076f200000,0x000000076f200000,0x000000076fc80000)
 ParOldGen       total 175104K, used 162851K [0x00000006c1600000, 0x00000006cc100000, 0x000000076b200000)
  object space 175104K, 93% used [0x00000006c1600000,0x00000006cb508e10,0x00000006cc100000)
 Metaspace       used 12810K, capacity 13010K, committed 13184K, reserved 1060864K
  class space    used 1499K, capacity 1579K, committed 1664K, reserved 1048576K
Event: 28.267 GC heap after
Heap after GC invocations=5 (full 1):
 PSYoungGen      total 76288K, used 0K [0x000000076b200000, 0x0000000770700000, 0x00000007c0000000)
  eden space 65536K, 0% used [0x000000076b200000,0x000000076b200000,0x000000076f200000)
  from space 10752K, 0% used [0x000000076fc80000,0x000000076fc80000,0x0000000770700000)
  to   space 10752K, 0% used [0x000000076f200000,0x000000076f200000,0x000000076fc80000)
 ParOldGen       total 164352K, used 47225K [0x00000006c1600000, 0x00000006cb680000, 0x000000076b200000)
  object space 164352K, 28% used [0x00000006c1600000,0x00000006c441e6f8,0x00000006cb680000)
 Metaspace       used 12810K, capacity 13010K, committed 13184K, reserved 1060864K
  class space    used 1499K, capacity 1579K, committed 1664K, reserved 1048576K
}

